  Forth2.c
C:\Users\User1\source\repos\forth\Forth\Forth2\Forth2.c(102,1): warning C4244:  'initializing': conversion from 'Cell' to 'int', possible loss of data
C:\Users\User1\source\repos\forth\Forth\Forth2\Forth2.c(104,1): warning C4133:  'initializing': incompatible types - from 'Cell *' to 'const char *'
C:\Users\User1\source\repos\forth\Forth\Forth2\Forth2.c(157,60): warning C4090:  'function': different 'const' qualifiers
C:\Users\User1\source\repos\forth\Forth\Forth2\Forth2.c(159,60): warning C4090:  'function': different 'const' qualifiers
C:\Users\User1\source\repos\forth\Forth\Forth2\Forth2.c(162,42): warning C4090:  'function': different 'const' qualifiers
C:\Users\User1\source\repos\forth\Forth\Forth2\Forth2.c(228,47): warning C4047:  '<': 'ExecutionToken' differs in levels of indirection from 'int'
C:\Users\User1\source\repos\forth\Forth\Forth2\Forth2.c(232,85): warning C4133:  ':': incompatible types - from 'ForthDictHeader *' to 'Cell *'
C:\Users\User1\source\repos\forth\Forth\Forth2\Forth2.c(232,85): warning C4133:  'return': incompatible types - from 'Cell *' to 'ForthDictHeader *'
C:\Users\User1\source\repos\forth\Forth\Forth2\Forth2.c(279,36): warning C4047:  '=': 'ExecutionToken' differs in levels of indirection from 'Cell'
C:\Users\User1\source\repos\forth\Forth\Forth2\Forth2.c(282,47): warning C4047:  '=': 'Cell *' differs in levels of indirection from 'Cell'
C:\Users\User1\source\repos\forth\Forth\Forth2\Forth2.c(335,21): warning C4244:  'function': conversion from 'Cell' to 'int', possible loss of data
C:\Users\User1\source\repos\forth\Forth\Forth2\Forth2.c(352,30): warning C4047:  '=': 'Cell' differs in levels of indirection from 'ExecutionToken'
C:\Users\User1\source\repos\forth\Forth\Forth2\Forth2.c(355,4): warning C4047:  '=': 'Cell' differs in levels of indirection from 'Cell *'
C:\Users\User1\source\repos\forth\Forth\Forth2\Forth2.c(370,34): warning C4047:  '=': 'Cell' differs in levels of indirection from 'Cell *'
C:\Users\User1\source\repos\forth\Forth\Forth2\Forth2.c(380,59): warning C4047:  '=': 'Cell' differs in levels of indirection from 'ExecutionToken'
C:\Users\User1\source\repos\forth\Forth\Forth2\Forth2.c(401,34): warning C4047:  '=': 'Cell' differs in levels of indirection from 'Cell *'
C:\Users\User1\source\repos\forth\Forth\Forth2\Forth2.c(411,51): warning C4047:  '=': 'Cell' differs in levels of indirection from 'ExecutionToken'
C:\Users\User1\source\repos\forth\Forth\Forth2\Forth2.c(412,34): warning C4047:  '=': 'Cell' differs in levels of indirection from 'Cell *'
C:\Users\User1\source\repos\forth\Forth\Forth2\Forth2.c(413,54): warning C4047:  '=': 'Cell' differs in levels of indirection from 'ExecutionToken'
C:\Users\User1\source\repos\forth\Forth\Forth2\Forth2.c(481,55): warning C4047:  '=': 'Cell' differs in levels of indirection from 'ExecutionToken'
C:\Users\User1\source\repos\forth\Forth\Forth2\Forth2.c(489,4): warning C4047:  '=': 'Cell' differs in levels of indirection from 'Cell *'
C:\Users\User1\source\repos\forth\Forth\Forth2\Forth2.c(493,55): warning C4047:  '=': 'Cell' differs in levels of indirection from 'ExecutionToken'
C:\Users\User1\source\repos\forth\Forth\Forth2\Forth2.c(497,47): warning C4047:  '=': 'Cell' differs in levels of indirection from 'Cell *'
C:\Users\User1\source\repos\forth\Forth\Forth2\Forth2.c(498,43): warning C4047:  '=': 'Cell *' differs in levels of indirection from 'Cell'
C:\Users\User1\source\repos\forth\Forth\Forth2\Forth2.c(505,4): warning C4047:  '=': 'Cell' differs in levels of indirection from 'Cell *'
C:\Users\User1\source\repos\forth\Forth\Forth2\Forth2.c(523,75): warning C4047:  '=': 'Cell' differs in levels of indirection from 'ExecutionToken'
C:\Users\User1\source\repos\forth\Forth\Forth2\Forth2.c(543,47): warning C4047:  '=': 'Cell *' differs in levels of indirection from 'Cell'
C:\Users\User1\source\repos\forth\Forth\Forth2\Forth2.c(567,33): warning C4047:  '!=': 'int' differs in levels of indirection from 'char [2]'
C:\Users\User1\source\repos\forth\Forth\Forth2\Forth2.c(569,39): warning C4047:  '=': 'Cell *' differs in levels of indirection from 'ExecutionToken *'
C:\Users\User1\source\repos\forth\Forth\Forth2\Forth2.c(577,38): warning C4047:  '=': 'Cell' differs in levels of indirection from 'ExecutionToken'
C:\Users\User1\source\repos\forth\Forth\Forth2\Forth2.c(592,29): warning C4047:  '=': 'Cell' differs in levels of indirection from 'ExecutionToken'
C:\Users\User1\source\repos\forth\Forth\Forth2\Forth2.c(750,29): warning C4047:  '=': 'Cell' differs in levels of indirection from 'ForthCFunc'
C:\Users\User1\source\repos\forth\Forth\Forth2\Forth2.c(97): warning C4716:  'ParseInlineForthStringToCStringInTokenBuffer': must return a value
  Forth2.vcxproj -> C:\Users\User1\source\repos\forth\Forth\x64\Debug\Forth2.lib
