c:\users\james.marshall\source\repos\forth2\forth2\x64\debug\vc142.pdb
c:\users\james.marshall\source\repos\forth2\forth2\x64\debug\vc142.idb
c:\users\james.marshall\source\repos\forth2\forth2\x64\debug\stringutils.obj
c:\users\james.marshall\source\repos\forth2\forth2\x64\debug\forth2.obj
c:\users\user1\source\repos\forth\forth\x64\debug\forth2.lib
c:\users\user1\source\repos\forth\forth\forth2\x64\debug\forth2.obj
c:\users\user1\source\repos\forth\forth\forth2\x64\debug\forthstringhelpers.obj
c:\users\user1\source\repos\forth\forth\forth2\x64\debug\stringutils.obj
c:\users\user1\source\repos\forth\forth\forth2\x64\debug\vc142.idb
c:\users\user1\source\repos\forth\forth\forth2\x64\debug\vc142.pdb
c:\users\user1\source\repos\forth\forth\x64\debug\forth2.pdb
c:\users\user1\source\repos\forth\forth\forth2\x64\debug\forth2.tlog\cl.command.1.tlog
c:\users\user1\source\repos\forth\forth\forth2\x64\debug\forth2.tlog\cl.read.1.tlog
c:\users\user1\source\repos\forth\forth\forth2\x64\debug\forth2.tlog\cl.write.1.tlog
c:\users\user1\source\repos\forth\forth\forth2\x64\debug\forth2.tlog\lib-link.read.1.tlog
c:\users\user1\source\repos\forth\forth\forth2\x64\debug\forth2.tlog\lib-link.write.1.tlog
c:\users\user1\source\repos\forth\forth\forth2\x64\debug\forth2.tlog\lib.command.1.tlog
c:\users\user1\source\repos\forth\forth\forth2\x64\debug\forth2.tlog\link-cvtres.read.1.tlog
c:\users\user1\source\repos\forth\forth\forth2\x64\debug\forth2.tlog\link-cvtres.write.1.tlog
c:\users\user1\source\repos\forth\forth\forth2\x64\debug\forth2.tlog\link-rc.read.1.tlog
c:\users\user1\source\repos\forth\forth\forth2\x64\debug\forth2.tlog\link-rc.write.1.tlog
c:\users\user1\source\repos\forth\forth\forth2\x64\debug\forth2.tlog\link.command.1.tlog
c:\users\user1\source\repos\forth\forth\forth2\x64\debug\forth2.tlog\link.read.1.tlog
c:\users\user1\source\repos\forth\forth\forth2\x64\debug\forth2.tlog\link.write.1.tlog
