c:\users\user1\source\repos\forth\forth\forth2\debug\forth2.pdb
c:\users\user1\source\repos\forth\forth\forth2\debug\forth2.idb
c:\users\user1\source\repos\forth\forth\forth2\debug\forthstringhelpers.obj
c:\users\user1\source\repos\forth\forth\forth2\debug\forth2.obj
c:\users\user1\source\repos\forth\forth\debug\forth2.lib
c:\users\user1\source\repos\forth\forth\forth2\debug\main.obj
c:\users\user1\source\repos\forth\forth\forth2\debug\stringutils.obj
c:\users\user1\source\repos\forth\forth\forth2\debug\forth2.new.obj.enc
c:\users\user1\source\repos\forth\forth\forth2\debug\vc142.idb
c:\users\user1\source\repos\forth\forth\forth2\debug\vc142.pdb
c:\users\user1\source\repos\forth\forth\debug\forth2.pdb
c:\users\user1\source\repos\forth\forth\forth2\debug\forth2.tlog\cl.command.1.tlog
c:\users\user1\source\repos\forth\forth\forth2\debug\forth2.tlog\cl.read.1.tlog
c:\users\user1\source\repos\forth\forth\forth2\debug\forth2.tlog\cl.write.1.tlog
c:\users\user1\source\repos\forth\forth\forth2\debug\forth2.tlog\lib-link.read.1.tlog
c:\users\user1\source\repos\forth\forth\forth2\debug\forth2.tlog\lib-link.write.1.tlog
c:\users\user1\source\repos\forth\forth\forth2\debug\forth2.tlog\lib.command.1.tlog
c:\users\user1\source\repos\forth\forth\forth2\debug\forth2.tlog\link.19636-cvtres.read.1.tlog
c:\users\user1\source\repos\forth\forth\forth2\debug\forth2.tlog\link.19636-cvtres.write.1.tlog
c:\users\user1\source\repos\forth\forth\forth2\debug\forth2.tlog\link.19636-rc.read.1.tlog
c:\users\user1\source\repos\forth\forth\forth2\debug\forth2.tlog\link.19636-rc.write.1.tlog
c:\users\user1\source\repos\forth\forth\forth2\debug\forth2.tlog\link.19636.read.1.tlog
c:\users\user1\source\repos\forth\forth\forth2\debug\forth2.tlog\link.19636.write.1.tlog
c:\users\user1\source\repos\forth\forth\forth2\debug\forth2.tlog\link.command.1.tlog
